{'session': 'voc12_cls', 'data_root': '/dataset/PascalVOC/VOCdevkit/VOC2012//JPEGImages', 'dataset': 'voc12', 'saliency_root': None, 'train_list': 'metadata/voc12/train_aug.txt', 'save_root': '/log', 'batch_size': 8, 'crop_size': 448, 'resize_size': (256, 512), 'network': 'network.resnet38_cls', 'weights': 'pretrained/ilsvrc-cls_rna-a1_cls1000_ep-0001.params', 'lr': 0.01, 'num_workers': 8, 'wt_dec': 0.0005, 'max_iters': 20000, 'tau': 0.5, 'lam': 0.5, 'num_classes': 20, 'network_type': 'cls', 'log_folder': '/log/voc12_cls'}
Session started:  Sat Aug 28 14:43:24 2021
Iter:    0/20000 Loss:0.7460 Rem:1 day, 4:29:24 lr: 0.0100
Iter:   50/20000 Loss:0.2786 Rem:4:02:33 lr: 0.0100
Iter:  100/20000 Loss:0.2425 Rem:3:48:38 lr: 0.0100
Iter:  150/20000 Loss:0.2308 Rem:3:43:35 lr: 0.0099
Iter:  200/20000 Loss:0.2211 Rem:3:40:47 lr: 0.0099
Iter:  250/20000 Loss:0.2072 Rem:3:38:54 lr: 0.0099
Iter:  300/20000 Loss:0.1904 Rem:3:37:29 lr: 0.0099
Iter:  350/20000 Loss:0.1843 Rem:3:36:18 lr: 0.0098
Iter:  400/20000 Loss:0.1675 Rem:3:35:17 lr: 0.0098
Iter:  450/20000 Loss:0.1704 Rem:3:34:22 lr: 0.0098
Iter:  500/20000 Loss:0.1560 Rem:3:33:32 lr: 0.0098
Iter:  550/20000 Loss:0.1483 Rem:3:32:45 lr: 0.0098
Iter:  600/20000 Loss:0.1401 Rem:3:32:00 lr: 0.0097
Iter:  650/20000 Loss:0.1453 Rem:3:31:16 lr: 0.0097
Iter:  700/20000 Loss:0.1450 Rem:3:30:36 lr: 0.0097
Iter:  750/20000 Loss:0.1299 Rem:3:29:55 lr: 0.0097
Iter:  800/20000 Loss:0.1315 Rem:3:29:16 lr: 0.0096
Iter:  850/20000 Loss:0.1290 Rem:3:28:38 lr: 0.0096
Iter:  900/20000 Loss:0.1284 Rem:3:28:00 lr: 0.0096
Iter:  950/20000 Loss:0.1244 Rem:3:27:23 lr: 0.0096
Iter: 1000/20000 Loss:0.1222 Rem:3:26:46 lr: 0.0095
Iter: 1050/20000 Loss:0.1186 Rem:3:26:10 lr: 0.0095
Iter: 1100/20000 Loss:0.1150 Rem:3:25:35 lr: 0.0095
Iter: 1150/20000 Loss:0.1252 Rem:3:25:00 lr: 0.0095
Iter: 1200/20000 Loss:0.1139 Rem:3:24:24 lr: 0.0095
Iter: 1250/20000 Loss:0.1167 Rem:3:23:49 lr: 0.0094
Iter: 1300/20000 Loss:0.1136 Rem:3:23:15 lr: 0.0094
Iter: 1350/20000 Loss:0.1111 Rem:3:22:46 lr: 0.0094
Iter: 1400/20000 Loss:0.1105 Rem:3:22:12 lr: 0.0094
Iter: 1450/20000 Loss:0.1068 Rem:3:21:38 lr: 0.0093
Iter: 1500/20000 Loss:0.1001 Rem:3:21:04 lr: 0.0093
Iter: 1550/20000 Loss:0.1031 Rem:3:20:30 lr: 0.0093
Iter: 1600/20000 Loss:0.1031 Rem:3:19:56 lr: 0.0093
Iter: 1650/20000 Loss:0.1031 Rem:3:19:22 lr: 0.0093
Iter: 1700/20000 Loss:0.1029 Rem:3:18:48 lr: 0.0092
Iter: 1750/20000 Loss:0.1008 Rem:3:18:15 lr: 0.0092
Iter: 1800/20000 Loss:0.1028 Rem:3:17:41 lr: 0.0092
Iter: 1850/20000 Loss:0.0971 Rem:3:17:08 lr: 0.0092
Iter: 1900/20000 Loss:0.1014 Rem:3:16:35 lr: 0.0091
Iter: 1950/20000 Loss:0.0990 Rem:3:16:01 lr: 0.0091
Iter: 2000/20000 Loss:0.0985 Rem:3:15:28 lr: 0.0091
Iter: 2050/20000 Loss:0.0998 Rem:3:14:55 lr: 0.0091
Iter: 2100/20000 Loss:0.0990 Rem:3:14:22 lr: 0.0090
Iter: 2150/20000 Loss:0.0946 Rem:3:13:48 lr: 0.0090
Iter: 2200/20000 Loss:0.1012 Rem:3:13:15 lr: 0.0090
Iter: 2250/20000 Loss:0.0977 Rem:3:12:42 lr: 0.0090
Iter: 2300/20000 Loss:0.1023 Rem:3:12:09 lr: 0.0090
Iter: 2350/20000 Loss:0.0955 Rem:3:11:36 lr: 0.0089
Iter: 2400/20000 Loss:0.0894 Rem:3:11:03 lr: 0.0089
Iter: 2450/20000 Loss:0.0991 Rem:3:10:30 lr: 0.0089
Iter: 2500/20000 Loss:0.0902 Rem:3:09:57 lr: 0.0089
Iter: 2550/20000 Loss:0.0963 Rem:3:09:24 lr: 0.0088
Iter: 2600/20000 Loss:0.1058 Rem:3:08:51 lr: 0.0088
Iter: 2650/20000 Loss:0.0926 Rem:3:08:21 lr: 0.0088
Iter: 2700/20000 Loss:0.0914 Rem:3:07:48 lr: 0.0088
Iter: 2750/20000 Loss:0.0891 Rem:3:07:15 lr: 0.0088
Iter: 2800/20000 Loss:0.0869 Rem:3:06:41 lr: 0.0087
Iter: 2850/20000 Loss:0.0826 Rem:3:06:08 lr: 0.0087
Iter: 2900/20000 Loss:0.0874 Rem:3:05:35 lr: 0.0087
Iter: 2950/20000 Loss:0.0991 Rem:3:05:02 lr: 0.0087
Iter: 3000/20000 Loss:0.0956 Rem:3:04:29 lr: 0.0086
Iter: 3050/20000 Loss:0.0922 Rem:3:03:56 lr: 0.0086
Iter: 3100/20000 Loss:0.0831 Rem:3:03:23 lr: 0.0086
Iter: 3150/20000 Loss:0.0832 Rem:3:02:50 lr: 0.0086
Iter: 3200/20000 Loss:0.0870 Rem:3:02:17 lr: 0.0085
Iter: 3250/20000 Loss:0.0814 Rem:3:01:44 lr: 0.0085
Iter: 3300/20000 Loss:0.0912 Rem:3:01:11 lr: 0.0085
Iter: 3350/20000 Loss:0.0850 Rem:3:00:38 lr: 0.0085
Iter: 3400/20000 Loss:0.0841 Rem:3:00:05 lr: 0.0085
Iter: 3450/20000 Loss:0.0780 Rem:2:59:32 lr: 0.0084
Iter: 3500/20000 Loss:0.0963 Rem:2:59:00 lr: 0.0084
Iter: 3550/20000 Loss:0.0871 Rem:2:58:27 lr: 0.0084
Iter: 3600/20000 Loss:0.0855 Rem:2:57:54 lr: 0.0084
Iter: 3650/20000 Loss:0.0884 Rem:2:57:21 lr: 0.0083
Iter: 3700/20000 Loss:0.0828 Rem:2:56:48 lr: 0.0083
Iter: 3750/20000 Loss:0.0755 Rem:2:56:16 lr: 0.0083
Iter: 3800/20000 Loss:0.0797 Rem:2:55:43 lr: 0.0083
Iter: 3850/20000 Loss:0.0801 Rem:2:55:11 lr: 0.0082
Iter: 3900/20000 Loss:0.0878 Rem:2:54:38 lr: 0.0082
Iter: 3950/20000 Loss:0.0871 Rem:2:54:05 lr: 0.0082
Iter: 4000/20000 Loss:0.0782 Rem:2:53:34 lr: 0.0082
Iter: 4050/20000 Loss:0.0856 Rem:2:53:01 lr: 0.0082
Iter: 4100/20000 Loss:0.0794 Rem:2:52:29 lr: 0.0081
Iter: 4150/20000 Loss:0.0763 Rem:2:51:56 lr: 0.0081
Iter: 4200/20000 Loss:0.0840 Rem:2:51:23 lr: 0.0081
Iter: 4250/20000 Loss:0.0816 Rem:2:50:50 lr: 0.0081
Iter: 4300/20000 Loss:0.0789 Rem:2:50:18 lr: 0.0080
Iter: 4350/20000 Loss:0.0825 Rem:2:49:45 lr: 0.0080
Iter: 4400/20000 Loss:0.0764 Rem:2:49:12 lr: 0.0080
Iter: 4450/20000 Loss:0.0731 Rem:2:48:40 lr: 0.0080
Iter: 4500/20000 Loss:0.0858 Rem:2:48:07 lr: 0.0080
Iter: 4550/20000 Loss:0.0780 Rem:2:47:34 lr: 0.0079
Iter: 4600/20000 Loss:0.0784 Rem:2:47:02 lr: 0.0079
Iter: 4650/20000 Loss:0.0823 Rem:2:46:29 lr: 0.0079
Iter: 4700/20000 Loss:0.0834 Rem:2:45:56 lr: 0.0079
Iter: 4750/20000 Loss:0.0792 Rem:2:45:24 lr: 0.0078
Iter: 4800/20000 Loss:0.0793 Rem:2:44:51 lr: 0.0078
Iter: 4850/20000 Loss:0.0817 Rem:2:44:18 lr: 0.0078
Iter: 4900/20000 Loss:0.0769 Rem:2:43:46 lr: 0.0078
Iter: 4950/20000 Loss:0.0739 Rem:2:43:13 lr: 0.0077
Iter: 5000/20000 Loss:0.0853 Rem:2:42:40 lr: 0.0077
Iter: 5050/20000 Loss:0.0857 Rem:2:42:08 lr: 0.0077
Iter: 5100/20000 Loss:0.0782 Rem:2:41:35 lr: 0.0077
Iter: 5150/20000 Loss:0.0783 Rem:2:41:03 lr: 0.0076
Iter: 5200/20000 Loss:0.0811 Rem:2:40:30 lr: 0.0076
Iter: 5250/20000 Loss:0.0788 Rem:2:39:57 lr: 0.0076
Iter: 5300/20000 Loss:0.0708 Rem:2:39:26 lr: 0.0076
Iter: 5350/20000 Loss:0.0760 Rem:2:38:53 lr: 0.0076
Iter: 5400/20000 Loss:0.0784 Rem:2:38:21 lr: 0.0075
Iter: 5450/20000 Loss:0.0766 Rem:2:37:48 lr: 0.0075
Iter: 5500/20000 Loss:0.0700 Rem:2:37:16 lr: 0.0075
Iter: 5550/20000 Loss:0.0772 Rem:2:36:43 lr: 0.0075
Iter: 5600/20000 Loss:0.0694 Rem:2:36:10 lr: 0.0074
Iter: 5650/20000 Loss:0.0801 Rem:2:35:38 lr: 0.0074
Iter: 5700/20000 Loss:0.0743 Rem:2:35:05 lr: 0.0074
Iter: 5750/20000 Loss:0.0770 Rem:2:34:32 lr: 0.0074
Iter: 5800/20000 Loss:0.0783 Rem:2:34:00 lr: 0.0073
Iter: 5850/20000 Loss:0.0791 Rem:2:33:27 lr: 0.0073
Iter: 5900/20000 Loss:0.0787 Rem:2:32:55 lr: 0.0073
Iter: 5950/20000 Loss:0.0733 Rem:2:32:22 lr: 0.0073
Iter: 6000/20000 Loss:0.0796 Rem:2:31:49 lr: 0.0073
Iter: 6050/20000 Loss:0.0750 Rem:2:31:17 lr: 0.0072
Iter: 6100/20000 Loss:0.0781 Rem:2:30:44 lr: 0.0072
Iter: 6150/20000 Loss:0.0785 Rem:2:30:12 lr: 0.0072
Iter: 6200/20000 Loss:0.0720 Rem:2:29:39 lr: 0.0072
Iter: 6250/20000 Loss:0.0775 Rem:2:29:07 lr: 0.0071
Iter: 6300/20000 Loss:0.0715 Rem:2:28:34 lr: 0.0071
Iter: 6350/20000 Loss:0.0776 Rem:2:28:02 lr: 0.0071
Iter: 6400/20000 Loss:0.0822 Rem:2:27:29 lr: 0.0071
Iter: 6450/20000 Loss:0.0736 Rem:2:26:56 lr: 0.0070
Iter: 6500/20000 Loss:0.0664 Rem:2:26:24 lr: 0.0070
Iter: 6550/20000 Loss:0.0760 Rem:2:25:51 lr: 0.0070
Iter: 6600/20000 Loss:0.0666 Rem:2:25:19 lr: 0.0070
Iter: 6650/20000 Loss:0.0690 Rem:2:24:47 lr: 0.0070
Iter: 6700/20000 Loss:0.0748 Rem:2:24:14 lr: 0.0069
Iter: 6750/20000 Loss:0.0777 Rem:2:23:42 lr: 0.0069
Iter: 6800/20000 Loss:0.0740 Rem:2:23:09 lr: 0.0069
Iter: 6850/20000 Loss:0.0648 Rem:2:22:37 lr: 0.0069
Iter: 6900/20000 Loss:0.0718 Rem:2:22:04 lr: 0.0068
Iter: 6950/20000 Loss:0.0732 Rem:2:21:32 lr: 0.0068
Iter: 7000/20000 Loss:0.0651 Rem:2:20:59 lr: 0.0068
Iter: 7050/20000 Loss:0.0691 Rem:2:20:26 lr: 0.0068
Iter: 7100/20000 Loss:0.0725 Rem:2:19:54 lr: 0.0067
Iter: 7150/20000 Loss:0.0759 Rem:2:19:21 lr: 0.0067
Iter: 7200/20000 Loss:0.0775 Rem:2:18:49 lr: 0.0067
Iter: 7250/20000 Loss:0.0710 Rem:2:18:16 lr: 0.0067
Iter: 7300/20000 Loss:0.0712 Rem:2:17:44 lr: 0.0066
Iter: 7350/20000 Loss:0.0712 Rem:2:17:11 lr: 0.0066
Iter: 7400/20000 Loss:0.0731 Rem:2:16:38 lr: 0.0066
Iter: 7450/20000 Loss:0.0706 Rem:2:16:06 lr: 0.0066
Iter: 7500/20000 Loss:0.0673 Rem:2:15:33 lr: 0.0066
Iter: 7550/20000 Loss:0.0687 Rem:2:15:01 lr: 0.0065
Iter: 7600/20000 Loss:0.0727 Rem:2:14:28 lr: 0.0065
Iter: 7650/20000 Loss:0.0681 Rem:2:13:56 lr: 0.0065
Iter: 7700/20000 Loss:0.0688 Rem:2:13:23 lr: 0.0065
Iter: 7750/20000 Loss:0.0689 Rem:2:12:50 lr: 0.0064
Iter: 7800/20000 Loss:0.0708 Rem:2:12:18 lr: 0.0064
Iter: 7850/20000 Loss:0.0734 Rem:2:11:45 lr: 0.0064
Iter: 7900/20000 Loss:0.0754 Rem:2:11:13 lr: 0.0064
Iter: 7950/20000 Loss:0.0795 Rem:2:10:41 lr: 0.0063
Iter: 8000/20000 Loss:0.0677 Rem:2:10:08 lr: 0.0063
Iter: 8050/20000 Loss:0.0746 Rem:2:09:36 lr: 0.0063
Iter: 8100/20000 Loss:0.0651 Rem:2:09:03 lr: 0.0063
Iter: 8150/20000 Loss:0.0610 Rem:2:08:31 lr: 0.0062
Iter: 8200/20000 Loss:0.0641 Rem:2:07:58 lr: 0.0062
Iter: 8250/20000 Loss:0.0644 Rem:2:07:25 lr: 0.0062
Iter: 8300/20000 Loss:0.0804 Rem:2:06:53 lr: 0.0062
Iter: 8350/20000 Loss:0.0656 Rem:2:06:20 lr: 0.0061
Iter: 8400/20000 Loss:0.0672 Rem:2:05:48 lr: 0.0061
Iter: 8450/20000 Loss:0.0667 Rem:2:05:15 lr: 0.0061
Iter: 8500/20000 Loss:0.0664 Rem:2:04:43 lr: 0.0061
Iter: 8550/20000 Loss:0.0633 Rem:2:04:10 lr: 0.0061
Iter: 8600/20000 Loss:0.0666 Rem:2:03:37 lr: 0.0060
Iter: 8650/20000 Loss:0.0755 Rem:2:03:05 lr: 0.0060
Iter: 8700/20000 Loss:0.0734 Rem:2:02:32 lr: 0.0060
Iter: 8750/20000 Loss:0.0698 Rem:2:02:00 lr: 0.0060
Iter: 8800/20000 Loss:0.0624 Rem:2:01:27 lr: 0.0059
Iter: 8850/20000 Loss:0.0720 Rem:2:00:55 lr: 0.0059
Iter: 8900/20000 Loss:0.0655 Rem:2:00:22 lr: 0.0059
Iter: 8950/20000 Loss:0.0669 Rem:1:59:50 lr: 0.0059
Iter: 9000/20000 Loss:0.0624 Rem:1:59:17 lr: 0.0058
Iter: 9050/20000 Loss:0.0671 Rem:1:58:44 lr: 0.0058
Iter: 9100/20000 Loss:0.0675 Rem:1:58:12 lr: 0.0058
Iter: 9150/20000 Loss:0.0635 Rem:1:57:39 lr: 0.0058
Iter: 9200/20000 Loss:0.0700 Rem:1:57:07 lr: 0.0057
Iter: 9250/20000 Loss:0.0651 Rem:1:56:34 lr: 0.0057
Iter: 9300/20000 Loss:0.0607 Rem:1:56:02 lr: 0.0057
Iter: 9350/20000 Loss:0.0609 Rem:1:55:30 lr: 0.0057
Iter: 9400/20000 Loss:0.0686 Rem:1:54:57 lr: 0.0056
Iter: 9450/20000 Loss:0.0643 Rem:1:54:24 lr: 0.0056
Iter: 9500/20000 Loss:0.0707 Rem:1:53:52 lr: 0.0056
Iter: 9550/20000 Loss:0.0703 Rem:1:53:19 lr: 0.0056
Iter: 9600/20000 Loss:0.0676 Rem:1:52:47 lr: 0.0056
Iter: 9650/20000 Loss:0.0692 Rem:1:52:14 lr: 0.0055
Iter: 9700/20000 Loss:0.0642 Rem:1:51:42 lr: 0.0055
Iter: 9750/20000 Loss:0.0640 Rem:1:51:09 lr: 0.0055
Iter: 9800/20000 Loss:0.0731 Rem:1:50:37 lr: 0.0055
Iter: 9850/20000 Loss:0.0636 Rem:1:50:04 lr: 0.0054
Iter: 9900/20000 Loss:0.0649 Rem:1:49:31 lr: 0.0054
Iter: 9950/20000 Loss:0.0688 Rem:1:48:59 lr: 0.0054
Iter:10000/20000 Loss:0.0607 Rem:1:48:26 lr: 0.0054
Iter:10050/20000 Loss:0.0691 Rem:1:47:54 lr: 0.0053
Iter:10100/20000 Loss:0.0677 Rem:1:47:21 lr: 0.0053
Iter:10150/20000 Loss:0.0748 Rem:1:46:49 lr: 0.0053
Iter:10200/20000 Loss:0.0689 Rem:1:46:16 lr: 0.0053
Iter:10250/20000 Loss:0.0634 Rem:1:45:44 lr: 0.0052
Iter:10300/20000 Loss:0.0627 Rem:1:45:11 lr: 0.0052
Iter:10350/20000 Loss:0.0617 Rem:1:44:38 lr: 0.0052
Iter:10400/20000 Loss:0.0660 Rem:1:44:06 lr: 0.0052
Iter:10450/20000 Loss:0.0548 Rem:1:43:33 lr: 0.0051
Iter:10500/20000 Loss:0.0651 Rem:1:43:01 lr: 0.0051
Iter:10550/20000 Loss:0.0646 Rem:1:42:28 lr: 0.0051
Iter:10600/20000 Loss:0.0642 Rem:1:41:56 lr: 0.0051
Iter:10650/20000 Loss:0.0669 Rem:1:41:24 lr: 0.0050
Iter:10700/20000 Loss:0.0563 Rem:1:40:51 lr: 0.0050
Iter:10750/20000 Loss:0.0556 Rem:1:40:18 lr: 0.0050
Iter:10800/20000 Loss:0.0561 Rem:1:39:46 lr: 0.0050
Iter:10850/20000 Loss:0.0641 Rem:1:39:13 lr: 0.0049
Iter:10900/20000 Loss:0.0652 Rem:1:38:41 lr: 0.0049
Iter:10950/20000 Loss:0.0669 Rem:1:38:08 lr: 0.0049
Iter:11000/20000 Loss:0.0638 Rem:1:37:36 lr: 0.0049
Iter:11050/20000 Loss:0.0611 Rem:1:37:03 lr: 0.0048
Iter:11100/20000 Loss:0.0577 Rem:1:36:31 lr: 0.0048
Iter:11150/20000 Loss:0.0631 Rem:1:35:58 lr: 0.0048
Iter:11200/20000 Loss:0.0610 Rem:1:35:26 lr: 0.0048
Iter:11250/20000 Loss:0.0691 Rem:1:34:53 lr: 0.0048
Iter:11300/20000 Loss:0.0559 Rem:1:34:20 lr: 0.0047
Iter:11350/20000 Loss:0.0687 Rem:1:33:48 lr: 0.0047
Iter:11400/20000 Loss:0.0625 Rem:1:33:15 lr: 0.0047
Iter:11450/20000 Loss:0.0627 Rem:1:32:43 lr: 0.0047
Iter:11500/20000 Loss:0.0661 Rem:1:32:10 lr: 0.0046
Iter:11550/20000 Loss:0.0636 Rem:1:31:38 lr: 0.0046
Iter:11600/20000 Loss:0.0551 Rem:1:31:05 lr: 0.0046
Iter:11650/20000 Loss:0.0673 Rem:1:30:33 lr: 0.0046
Iter:11700/20000 Loss:0.0667 Rem:1:30:00 lr: 0.0045
Iter:11750/20000 Loss:0.0694 Rem:1:29:28 lr: 0.0045
Iter:11800/20000 Loss:0.0542 Rem:1:28:55 lr: 0.0045
Iter:11850/20000 Loss:0.0663 Rem:1:28:23 lr: 0.0045
Iter:11900/20000 Loss:0.0637 Rem:1:27:50 lr: 0.0044
Iter:11950/20000 Loss:0.0557 Rem:1:27:18 lr: 0.0044
Iter:12000/20000 Loss:0.0619 Rem:1:26:45 lr: 0.0044
Iter:12050/20000 Loss:0.0604 Rem:1:26:13 lr: 0.0044
Iter:12100/20000 Loss:0.0601 Rem:1:25:40 lr: 0.0043
Iter:12150/20000 Loss:0.0578 Rem:1:25:08 lr: 0.0043
Iter:12200/20000 Loss:0.0625 Rem:1:24:35 lr: 0.0043
Iter:12250/20000 Loss:0.0676 Rem:1:24:02 lr: 0.0043
Iter:12300/20000 Loss:0.0638 Rem:1:23:30 lr: 0.0042
Iter:12350/20000 Loss:0.0619 Rem:1:22:57 lr: 0.0042
Iter:12400/20000 Loss:0.0583 Rem:1:22:25 lr: 0.0042
Iter:12450/20000 Loss:0.0652 Rem:1:21:52 lr: 0.0042
Iter:12500/20000 Loss:0.0614 Rem:1:21:20 lr: 0.0041
Iter:12550/20000 Loss:0.0642 Rem:1:20:47 lr: 0.0041
Iter:12600/20000 Loss:0.0561 Rem:1:20:15 lr: 0.0041
Iter:12650/20000 Loss:0.0622 Rem:1:19:42 lr: 0.0041
Iter:12700/20000 Loss:0.0642 Rem:1:19:10 lr: 0.0040
Iter:12750/20000 Loss:0.0623 Rem:1:18:37 lr: 0.0040
Iter:12800/20000 Loss:0.0649 Rem:1:18:04 lr: 0.0040
Iter:12850/20000 Loss:0.0639 Rem:1:17:32 lr: 0.0040
Iter:12900/20000 Loss:0.0513 Rem:1:16:59 lr: 0.0039
Iter:12950/20000 Loss:0.0610 Rem:1:16:27 lr: 0.0039
Iter:13000/20000 Loss:0.0596 Rem:1:15:54 lr: 0.0039
Iter:13050/20000 Loss:0.0576 Rem:1:15:22 lr: 0.0039
Iter:13100/20000 Loss:0.0580 Rem:1:14:49 lr: 0.0038
Iter:13150/20000 Loss:0.0630 Rem:1:14:17 lr: 0.0038
Iter:13200/20000 Loss:0.0646 Rem:1:13:44 lr: 0.0038
Iter:13250/20000 Loss:0.0583 Rem:1:13:12 lr: 0.0038
Iter:13300/20000 Loss:0.0577 Rem:1:12:39 lr: 0.0037
Iter:13350/20000 Loss:0.0517 Rem:1:12:07 lr: 0.0037
Iter:13400/20000 Loss:0.0643 Rem:1:11:34 lr: 0.0037
Iter:13450/20000 Loss:0.0619 Rem:1:11:02 lr: 0.0037
Iter:13500/20000 Loss:0.0571 Rem:1:10:29 lr: 0.0036
Iter:13550/20000 Loss:0.0603 Rem:1:09:57 lr: 0.0036
Iter:13600/20000 Loss:0.0595 Rem:1:09:24 lr: 0.0036
Iter:13650/20000 Loss:0.0657 Rem:1:08:51 lr: 0.0036
Iter:13700/20000 Loss:0.0592 Rem:1:08:19 lr: 0.0035
Iter:13750/20000 Loss:0.0566 Rem:1:07:46 lr: 0.0035
Iter:13800/20000 Loss:0.0617 Rem:1:07:14 lr: 0.0035
Iter:13850/20000 Loss:0.0484 Rem:1:06:41 lr: 0.0035
Iter:13900/20000 Loss:0.0608 Rem:1:06:09 lr: 0.0034
Iter:13950/20000 Loss:0.0628 Rem:1:05:36 lr: 0.0034
Iter:14000/20000 Loss:0.0565 Rem:1:05:04 lr: 0.0034
Iter:14050/20000 Loss:0.0568 Rem:1:04:31 lr: 0.0034
Iter:14100/20000 Loss:0.0626 Rem:1:03:59 lr: 0.0033
Iter:14150/20000 Loss:0.0476 Rem:1:03:26 lr: 0.0033
Iter:14200/20000 Loss:0.0521 Rem:1:02:53 lr: 0.0033
Iter:14250/20000 Loss:0.0534 Rem:1:02:21 lr: 0.0033
Iter:14300/20000 Loss:0.0630 Rem:1:01:48 lr: 0.0032
Iter:14350/20000 Loss:0.0490 Rem:1:01:16 lr: 0.0032
Iter:14400/20000 Loss:0.0670 Rem:1:00:43 lr: 0.0032
Iter:14450/20000 Loss:0.0645 Rem:1:00:11 lr: 0.0032
Iter:14500/20000 Loss:0.0629 Rem:0:59:38 lr: 0.0031
Iter:14550/20000 Loss:0.0635 Rem:0:59:06 lr: 0.0031
Iter:14600/20000 Loss:0.0529 Rem:0:58:33 lr: 0.0031
Iter:14650/20000 Loss:0.0608 Rem:0:58:01 lr: 0.0031
Iter:14700/20000 Loss:0.0570 Rem:0:57:28 lr: 0.0030
Iter:14750/20000 Loss:0.0563 Rem:0:56:56 lr: 0.0030
Iter:14800/20000 Loss:0.0550 Rem:0:56:23 lr: 0.0030
Iter:14850/20000 Loss:0.0515 Rem:0:55:51 lr: 0.0029
Iter:14900/20000 Loss:0.0550 Rem:0:55:18 lr: 0.0029
Iter:14950/20000 Loss:0.0599 Rem:0:54:46 lr: 0.0029
Iter:15000/20000 Loss:0.0558 Rem:0:54:13 lr: 0.0029
Iter:15050/20000 Loss:0.0593 Rem:0:53:40 lr: 0.0028
Iter:15100/20000 Loss:0.0605 Rem:0:53:08 lr: 0.0028
Iter:15150/20000 Loss:0.0549 Rem:0:52:35 lr: 0.0028
Iter:15200/20000 Loss:0.0550 Rem:0:52:03 lr: 0.0028
Iter:15250/20000 Loss:0.0584 Rem:0:51:30 lr: 0.0027
Iter:15300/20000 Loss:0.0563 Rem:0:50:58 lr: 0.0027
Iter:15350/20000 Loss:0.0567 Rem:0:50:25 lr: 0.0027
Iter:15400/20000 Loss:0.0599 Rem:0:49:53 lr: 0.0027
Iter:15450/20000 Loss:0.0589 Rem:0:49:20 lr: 0.0026
Iter:15500/20000 Loss:0.0541 Rem:0:48:48 lr: 0.0026
Iter:15550/20000 Loss:0.0554 Rem:0:48:15 lr: 0.0026
Iter:15600/20000 Loss:0.0553 Rem:0:47:42 lr: 0.0026
Iter:15650/20000 Loss:0.0537 Rem:0:47:10 lr: 0.0025
Iter:15700/20000 Loss:0.0623 Rem:0:46:37 lr: 0.0025
Iter:15750/20000 Loss:0.0655 Rem:0:46:05 lr: 0.0025
Iter:15800/20000 Loss:0.0680 Rem:0:45:32 lr: 0.0025
Iter:15850/20000 Loss:0.0590 Rem:0:45:00 lr: 0.0024
Iter:15900/20000 Loss:0.0546 Rem:0:44:27 lr: 0.0024
Iter:15950/20000 Loss:0.0526 Rem:0:43:55 lr: 0.0024
Iter:16000/20000 Loss:0.0473 Rem:0:43:22 lr: 0.0023
Iter:16050/20000 Loss:0.0614 Rem:0:42:50 lr: 0.0023
Iter:16100/20000 Loss:0.0570 Rem:0:42:17 lr: 0.0023
Iter:16150/20000 Loss:0.0494 Rem:0:41:45 lr: 0.0023
Iter:16200/20000 Loss:0.0552 Rem:0:41:12 lr: 0.0022
Iter:16250/20000 Loss:0.0480 Rem:0:40:40 lr: 0.0022
Iter:16300/20000 Loss:0.0596 Rem:0:40:07 lr: 0.0022
Iter:16350/20000 Loss:0.0527 Rem:0:39:34 lr: 0.0022
Iter:16400/20000 Loss:0.0587 Rem:0:39:02 lr: 0.0021
Iter:16450/20000 Loss:0.0533 Rem:0:38:29 lr: 0.0021
Iter:16500/20000 Loss:0.0538 Rem:0:37:57 lr: 0.0021
Iter:16550/20000 Loss:0.0545 Rem:0:37:24 lr: 0.0021
Iter:16600/20000 Loss:0.0538 Rem:0:36:52 lr: 0.0020
Iter:16650/20000 Loss:0.0564 Rem:0:36:19 lr: 0.0020
Iter:16700/20000 Loss:0.0511 Rem:0:35:47 lr: 0.0020
Iter:16750/20000 Loss:0.0589 Rem:0:35:14 lr: 0.0019
Iter:16800/20000 Loss:0.0578 Rem:0:34:42 lr: 0.0019
Iter:16850/20000 Loss:0.0552 Rem:0:34:09 lr: 0.0019
Iter:16900/20000 Loss:0.0584 Rem:0:33:36 lr: 0.0019
Iter:16950/20000 Loss:0.0601 Rem:0:33:04 lr: 0.0018
Iter:17000/20000 Loss:0.0566 Rem:0:32:31 lr: 0.0018
Iter:17050/20000 Loss:0.0596 Rem:0:31:59 lr: 0.0018
Iter:17100/20000 Loss:0.0583 Rem:0:31:26 lr: 0.0018
Iter:17150/20000 Loss:0.0529 Rem:0:30:54 lr: 0.0017
Iter:17200/20000 Loss:0.0586 Rem:0:30:21 lr: 0.0017
Iter:17250/20000 Loss:0.0582 Rem:0:29:49 lr: 0.0017
Iter:17300/20000 Loss:0.0530 Rem:0:29:16 lr: 0.0016
Iter:17350/20000 Loss:0.0611 Rem:0:28:44 lr: 0.0016
Iter:17400/20000 Loss:0.0501 Rem:0:28:11 lr: 0.0016
Iter:17450/20000 Loss:0.0578 Rem:0:27:39 lr: 0.0016
Iter:17500/20000 Loss:0.0490 Rem:0:27:06 lr: 0.0015
Iter:17550/20000 Loss:0.0622 Rem:0:26:33 lr: 0.0015
Iter:17600/20000 Loss:0.0560 Rem:0:26:01 lr: 0.0015
Iter:17650/20000 Loss:0.0515 Rem:0:25:28 lr: 0.0015
Iter:17700/20000 Loss:0.0519 Rem:0:24:56 lr: 0.0014
Iter:17750/20000 Loss:0.0462 Rem:0:24:23 lr: 0.0014
Iter:17800/20000 Loss:0.0544 Rem:0:23:51 lr: 0.0014
Iter:17850/20000 Loss:0.0577 Rem:0:23:18 lr: 0.0013
Iter:17900/20000 Loss:0.0602 Rem:0:22:46 lr: 0.0013
Iter:17950/20000 Loss:0.0453 Rem:0:22:13 lr: 0.0013
Iter:18000/20000 Loss:0.0565 Rem:0:21:41 lr: 0.0013
Iter:18050/20000 Loss:0.0541 Rem:0:21:08 lr: 0.0012
Iter:18100/20000 Loss:0.0503 Rem:0:20:35 lr: 0.0012
Iter:18150/20000 Loss:0.0581 Rem:0:20:03 lr: 0.0012
Iter:18200/20000 Loss:0.0628 Rem:0:19:30 lr: 0.0011
Iter:18250/20000 Loss:0.0593 Rem:0:18:58 lr: 0.0011
Iter:18300/20000 Loss:0.0569 Rem:0:18:25 lr: 0.0011
Iter:18350/20000 Loss:0.0562 Rem:0:17:53 lr: 0.0011
Iter:18400/20000 Loss:0.0556 Rem:0:17:20 lr: 0.0010
Iter:18450/20000 Loss:0.0573 Rem:0:16:48 lr: 0.0010
Iter:18500/20000 Loss:0.0481 Rem:0:16:15 lr: 0.0010
Iter:18550/20000 Loss:0.0564 Rem:0:15:43 lr: 0.0009
Iter:18600/20000 Loss:0.0551 Rem:0:15:10 lr: 0.0009
Iter:18650/20000 Loss:0.0550 Rem:0:14:38 lr: 0.0009
Iter:18700/20000 Loss:0.0530 Rem:0:14:05 lr: 0.0009
Iter:18750/20000 Loss:0.0540 Rem:0:13:32 lr: 0.0008
Iter:18800/20000 Loss:0.0491 Rem:0:13:00 lr: 0.0008
Iter:18850/20000 Loss:0.0512 Rem:0:12:27 lr: 0.0008
Iter:18900/20000 Loss:0.0599 Rem:0:11:55 lr: 0.0007
Iter:18950/20000 Loss:0.0527 Rem:0:11:22 lr: 0.0007
Iter:19000/20000 Loss:0.0571 Rem:0:10:50 lr: 0.0007
Iter:19050/20000 Loss:0.0525 Rem:0:10:17 lr: 0.0006
Iter:19100/20000 Loss:0.0590 Rem:0:09:45 lr: 0.0006
Iter:19150/20000 Loss:0.0523 Rem:0:09:12 lr: 0.0006
Iter:19200/20000 Loss:0.0496 Rem:0:08:40 lr: 0.0006
Iter:19250/20000 Loss:0.0552 Rem:0:08:07 lr: 0.0005
Iter:19300/20000 Loss:0.0632 Rem:0:07:34 lr: 0.0005
Iter:19350/20000 Loss:0.0514 Rem:0:07:02 lr: 0.0005
Iter:19400/20000 Loss:0.0440 Rem:0:06:29 lr: 0.0004
Iter:19450/20000 Loss:0.0531 Rem:0:05:57 lr: 0.0004
Iter:19500/20000 Loss:0.0553 Rem:0:05:24 lr: 0.0004
Iter:19550/20000 Loss:0.0520 Rem:0:04:52 lr: 0.0003
Iter:19600/20000 Loss:0.0610 Rem:0:04:19 lr: 0.0003
Iter:19650/20000 Loss:0.0482 Rem:0:03:47 lr: 0.0003
Iter:19700/20000 Loss:0.0474 Rem:0:03:14 lr: 0.0002
Iter:19750/20000 Loss:0.0576 Rem:0:02:42 lr: 0.0002
Iter:19800/20000 Loss:0.0532 Rem:0:02:09 lr: 0.0002
Iter:19850/20000 Loss:0.0476 Rem:0:01:36 lr: 0.0001
Iter:19900/20000 Loss:0.0502 Rem:0:01:04 lr: 0.0001
Iter:19950/20000 Loss:0.0547 Rem:0:00:31 lr: 0.0000
